[01m[K/home/taylorvd/gbplanner2_ws/src/exploration/pci_general/src/pci_general.cpp:[m[K In member function â€˜[01m[Kvirtual bool explorer::PCIGeneral::initMotion()[m[Kâ€™:
[01m[K/home/taylorvd/gbplanner2_ws/src/exploration/pci_general/src/pci_general.cpp:109:5:[m[K [01;31m[Kerror: [m[Kexpected â€˜[01m[K}[m[Kâ€™ before â€˜[01m[Kelse[m[Kâ€™
  109 |   } [01;31m[Kelse[m[K {
      |     [01;31m[K^~~~[m[K
[01m[K/home/taylorvd/gbplanner2_ws/src/exploration/pci_general/src/pci_general.cpp:44:42:[m[K [01;36m[Knote: [m[Kto match this â€˜[01m[K{[m[Kâ€™
   44 |   if (robot_type_ == RobotType::kAerial) [01;36m[K{[m[K
      |                                          [01;36m[K^[m[K
make[2]: *** [CMakeFiles/pci_general.dir/build.make:63: CMakeFiles/pci_general.dir/src/pci_general.cpp.o] Error 1
make[1]: *** [CMakeFiles/Makefile2:395: CMakeFiles/pci_general.dir/all] Error 2
make: *** [Makefile:141: all] Error 2
